Awake+/app/build/outputs/logs/manifest-merger-debug-report.txt
-- Merging decision tree log ---
manifest
ADDED from Awake+\app\AndroidManifest.xml:18:1-359:12
	xmlns:android
		ADDED from Awake+\app\AndroidManifest.xml:18:11-69
	package
		ADDED from Awake+\app\AndroidManifest.xml:19:9-40
	android:versionName
		ADDED from Awake+\app\AndroidManifest.xml:20:35-62
	android:versionCode
		ADDED from Awake+\app\AndroidManifest.xml:20:9-34
		INJECTED from Awake+\app\AndroidManifest.xml
		INJECTED from Awake+\app\AndroidManifest.xml
original-package
ADDED from Awake+\app\AndroidManifest.xml:22:5-63
	android:name
		ADDED from Awake+\app\AndroidManifest.xml:22:23-60
uses-sdk
ADDED from Awake+\app\AndroidManifest.xml:25:5-74
MERGED from [Awake+:android-opt-datetimepicker:unspecified] AndroidManifest.xml:22:5-24:41
MERGED from [com.android.support:appcompat-v7:23.1.0] AndroidManifest.xml:20:5-43
MERGED from [com.android.support:support-v4:23.1.0] AndroidManifest.xml:20:5-43
MERGED from [com.android.support:gridlayout-v7:23.1.0] AndroidManifest.xml:20:5-43
MERGED from [com.android.support:support-v4:23.1.0] AndroidManifest.xml:20:5-43
MERGED from [com.android.support:support-v13:23.1.0] AndroidManifest.xml:20:5-44
MERGED from [com.android.support:support-v4:23.1.0] AndroidManifest.xml:20:5-43
	android:targetSdkVersion
		ADDED from Awake+\app\AndroidManifest.xml:25:42-71
		INJECTED from Awake+\app\AndroidManifest.xml
		INJECTED from Awake+\app\AndroidManifest.xml
	android:minSdkVersion
		ADDED from Awake+\app\AndroidManifest.xml:25:15-41
		INJECTED from Awake+\app\AndroidManifest.xml
		INJECTED from Awake+\app\AndroidManifest.xml
uses-permission#android.permission.RECEIVE_BOOT_COMPLETED
ADDED from Awake+\app\AndroidManifest.xml:27:5-81
	android:name
		ADDED from Awake+\app\AndroidManifest.xml:27:22-78
uses-permission#android.permission.WAKE_LOCK
ADDED from Awake+\app\AndroidManifest.xml:28:5-67
	android:name
		ADDED from Awake+\app\AndroidManifest.xml:28:22-65
uses-permission#android.permission.VIBRATE
ADDED from Awake+\app\AndroidManifest.xml:29:5-65
MERGED from [Awake+:android-opt-datetimepicker:unspecified] AndroidManifest.xml:26:5-66
	android:name
		ADDED from Awake+\app\AndroidManifest.xml:29:22-63
uses-permission#android.permission.DISABLE_KEYGUARD
ADDED from Awake+\app\AndroidManifest.xml:30:5-75
	android:name
		ADDED from Awake+\app\AndroidManifest.xml:30:22-72
uses-permission#android.permission.WRITE_SETTINGS
ADDED from Awake+\app\AndroidManifest.xml:32:5-73
	android:name
		ADDED from Awake+\app\AndroidManifest.xml:32:22-70
uses-permission#android.permission.READ_PHONE_STATE
ADDED from Awake+\app\AndroidManifest.xml:34:5-75
	android:name
		ADDED from Awake+\app\AndroidManifest.xml:34:22-72
uses-permission#android.permission.READ_EXTERNAL_STORAGE
ADDED from Awake+\app\AndroidManifest.xml:37:5-80
	android:name
		ADDED from Awake+\app\AndroidManifest.xml:37:22-77
application
ADDED from Awake+\app\AndroidManifest.xml:39:5-358:19
MERGED from [Awake+:android-opt-datetimepicker:unspecified] AndroidManifest.xml:28:5-20
MERGED from [com.android.support:appcompat-v7:23.1.0] AndroidManifest.xml:22:5-20
MERGED from [com.android.support:support-v4:23.1.0] AndroidManifest.xml:22:5-20
MERGED from [com.android.support:gridlayout-v7:23.1.0] AndroidManifest.xml:22:5-20
MERGED from [com.android.support:support-v4:23.1.0] AndroidManifest.xml:22:5-20
MERGED from [com.android.support:support-v13:23.1.0] AndroidManifest.xml:22:5-20
MERGED from [com.android.support:support-v4:23.1.0] AndroidManifest.xml:22:5-20
	android:supportsRtl
		ADDED from Awake+\app\AndroidManifest.xml:47:18-44
	android:label
		ADDED from Awake+\app\AndroidManifest.xml:39:18-51
	android:allowBackup
		ADDED from Awake+\app\AndroidManifest.xml:41:18-44
	android:icon
		ADDED from Awake+\app\AndroidManifest.xml:45:18-63
	android:fullBackupOnly
		ADDED from Awake+\app\AndroidManifest.xml:44:18-47
	android:backupAgent
		ADDED from Awake+\app\AndroidManifest.xml:42:18-61
	android:name
		ADDED from Awake+\app\AndroidManifest.xml:40:18-54
	android:requiredForAllUsers
		ADDED from Awake+\app\AndroidManifest.xml:46:18-52
	android:fullBackupContent
		ADDED from Awake+\app\AndroidManifest.xml:43:18-64
provider#com.android.deskclock.provider.ClockProvider
ADDED from Awake+\app\AndroidManifest.xml:49:9-51:44
	android:exported
		ADDED from Awake+\app\AndroidManifest.xml:51:17-41
	android:authorities
		ADDED from Awake+\app\AndroidManifest.xml:50:17-60
	android:name
		ADDED from Awake+\app\AndroidManifest.xml:49:19-57
activity#com.android.deskclock.DeskClock
ADDED from Awake+\app\AndroidManifest.xml:53:9-64:20
	android:label
		ADDED from Awake+\app\AndroidManifest.xml:54:17-50
	android:icon
		ADDED from Awake+\app\AndroidManifest.xml:56:17-62
	android:theme
		ADDED from Awake+\app\AndroidManifest.xml:55:17-49
	android:name
		ADDED from Awake+\app\AndroidManifest.xml:53:19-44
	android:launchMode
		ADDED from Awake+\app\AndroidManifest.xml:57:17-48
intent-filter#android.intent.action.MAIN+android.intent.category.DEFAULT+android.intent.category.LAUNCHER
ADDED from Awake+\app\AndroidManifest.xml:59:13-63:29
action#android.intent.action.MAIN
ADDED from Awake+\app\AndroidManifest.xml:60:17-69
	android:name
		ADDED from Awake+\app\AndroidManifest.xml:60:25-66
category#android.intent.category.DEFAULT
ADDED from Awake+\app\AndroidManifest.xml:61:17-76
	android:name
		ADDED from Awake+\app\AndroidManifest.xml:61:27-73
category#android.intent.category.LAUNCHER
ADDED from Awake+\app\AndroidManifest.xml:62:17-77
	android:name
		ADDED from Awake+\app\AndroidManifest.xml:62:27-74
activity-alias#com.android.deskclock.DockClock
ADDED from Awake+\app\AndroidManifest.xml:66:9-79:26
	android:label
		ADDED from Awake+\app\AndroidManifest.xml:68:17-50
	android:icon
		ADDED from Awake+\app\AndroidManifest.xml:70:17-62
	android:theme
		ADDED from Awake+\app\AndroidManifest.xml:69:17-49
	android:enabled
		ADDED from Awake+\app\AndroidManifest.xml:72:17-62
	android:targetActivity
		ADDED from Awake+\app\AndroidManifest.xml:67:17-52
	android:name
		ADDED from Awake+\app\AndroidManifest.xml:66:25-49
	android:launchMode
		ADDED from Awake+\app\AndroidManifest.xml:71:17-48
intent-filter#android.intent.action.MAIN+android.intent.category.DEFAULT+android.intent.category.DESK_DOCK
ADDED from Awake+\app\AndroidManifest.xml:74:13-78:29
category#android.intent.category.DESK_DOCK
ADDED from Awake+\app\AndroidManifest.xml:77:17-78
	android:name
		ADDED from Awake+\app\AndroidManifest.xml:77:27-75
activity#com.android.deskclock.SettingsActivity
ADDED from Awake+\app\AndroidManifest.xml:81:9-90:20
	android:label
		ADDED from Awake+\app\AndroidManifest.xml:82:17-49
	android:theme
		ADDED from Awake+\app\AndroidManifest.xml:83:17-53
	android:excludeFromRecents
		ADDED from Awake+\app\AndroidManifest.xml:85:17-50
	android:taskAffinity
		ADDED from Awake+\app\AndroidManifest.xml:84:17-40
	android:name
		ADDED from Awake+\app\AndroidManifest.xml:81:19-51
intent-filter#android.intent.action.MAIN
ADDED from Awake+\app\AndroidManifest.xml:87:13-89:29
activity#com.android.deskclock.worldclock.CitiesActivity
ADDED from Awake+\app\AndroidManifest.xml:92:9-101:20
	android:label
		ADDED from Awake+\app\AndroidManifest.xml:93:17-62
	android:theme
		ADDED from Awake+\app\AndroidManifest.xml:94:17-51
	android:excludeFromRecents
		ADDED from Awake+\app\AndroidManifest.xml:96:17-50
	android:taskAffinity
		ADDED from Awake+\app\AndroidManifest.xml:95:17-40
	android:name
		ADDED from Awake+\app\AndroidManifest.xml:92:19-60
activity#com.android.deskclock.alarms.AlarmActivity
ADDED from Awake+\app\AndroidManifest.xml:103:9-108:51
	android:windowSoftInputMode
		ADDED from Awake+\app\AndroidManifest.xml:107:17-64
	android:theme
		ADDED from Awake+\app\AndroidManifest.xml:106:17-65
	android:showOnLockScreen
		ADDED from Awake+\app\AndroidManifest.xml:108:17-48
	android:excludeFromRecents
		ADDED from Awake+\app\AndroidManifest.xml:105:17-50
	android:taskAffinity
		ADDED from Awake+\app\AndroidManifest.xml:104:17-40
	android:name
		ADDED from Awake+\app\AndroidManifest.xml:103:19-55
activity#com.android.deskclock.ScreensaverActivity
ADDED from Awake+\app\AndroidManifest.xml:110:9-114:90
	android:configChanges
		ADDED from Awake+\app\AndroidManifest.xml:114:17-87
	android:theme
		ADDED from Awake+\app\AndroidManifest.xml:113:17-64
	android:excludeFromRecents
		ADDED from Awake+\app\AndroidManifest.xml:111:17-50
	android:taskAffinity
		ADDED from Awake+\app\AndroidManifest.xml:112:17-40
	android:name
		ADDED from Awake+\app\AndroidManifest.xml:110:19-54
receiver#com.android.deskclock.alarms.AlarmStateManager
ADDED from Awake+\app\AndroidManifest.xml:116:9-118:20
	android:exported
		ADDED from Awake+\app\AndroidManifest.xml:117:19-43
	android:name
		ADDED from Awake+\app\AndroidManifest.xml:116:19-59
service#com.android.deskclock.alarms.AlarmService
ADDED from Awake+\app\AndroidManifest.xml:120:9-122:19
	android:exported
		ADDED from Awake+\app\AndroidManifest.xml:121:18-42
	android:name
		ADDED from Awake+\app\AndroidManifest.xml:120:18-53
activity#com.android.deskclock.HandleApiCalls
ADDED from Awake+\app\AndroidManifest.xml:124:9-155:20
	android:theme
		ADDED from Awake+\app\AndroidManifest.xml:125:17-63
	android:permission
		ADDED from Awake+\app\AndroidManifest.xml:128:17-76
	android:excludeFromRecents
		ADDED from Awake+\app\AndroidManifest.xml:126:17-50
	android:taskAffinity
		ADDED from Awake+\app\AndroidManifest.xml:129:17-40
	android:name
		ADDED from Awake+\app\AndroidManifest.xml:124:19-49
	android:launchMode
		ADDED from Awake+\app\AndroidManifest.xml:127:17-48
intent-filter#android.intent.action.SET_ALARM+android.intent.category.DEFAULT+android.intent.category.VOICE
ADDED from Awake+\app\AndroidManifest.xml:130:13-134:29
action#android.intent.action.SET_ALARM
ADDED from Awake+\app\AndroidManifest.xml:131:17-74
	android:name
		ADDED from Awake+\app\AndroidManifest.xml:131:25-71
category#android.intent.category.VOICE
ADDED from Awake+\app\AndroidManifest.xml:133:17-74
	android:name
		ADDED from Awake+\app\AndroidManifest.xml:133:27-71
intent-filter#android.intent.action.DISMISS_ALARM+android.intent.category.DEFAULT+android.intent.category.VOICE
ADDED from Awake+\app\AndroidManifest.xml:135:13-139:29
action#android.intent.action.DISMISS_ALARM
ADDED from Awake+\app\AndroidManifest.xml:136:17-78
	android:name
		ADDED from Awake+\app\AndroidManifest.xml:136:25-75
intent-filter#android.intent.action.SNOOZE_ALARM+android.intent.category.DEFAULT+android.intent.category.VOICE
ADDED from Awake+\app\AndroidManifest.xml:140:13-144:29
action#android.intent.action.SNOOZE_ALARM
ADDED from Awake+\app\AndroidManifest.xml:141:17-77
	android:name
		ADDED from Awake+\app\AndroidManifest.xml:141:25-74
intent-filter#android.intent.action.SHOW_ALARMS+android.intent.category.DEFAULT+android.intent.category.VOICE
ADDED from Awake+\app\AndroidManifest.xml:145:13-149:29
action#android.intent.action.SHOW_ALARMS
ADDED from Awake+\app\AndroidManifest.xml:146:17-76
	android:name
		ADDED from Awake+\app\AndroidManifest.xml:146:25-73
intent-filter#android.intent.action.SET_TIMER+android.intent.category.DEFAULT+android.intent.category.VOICE
ADDED from Awake+\app\AndroidManifest.xml:150:13-154:29
action#android.intent.action.SET_TIMER
ADDED from Awake+\app\AndroidManifest.xml:151:17-74
	android:name
		ADDED from Awake+\app\AndroidManifest.xml:151:25-71
activity-alias#com.android.deskclock.HandleSetAlarm
ADDED from Awake+\app\AndroidManifest.xml:157:9-160:26
	android:exported
		ADDED from Awake+\app\AndroidManifest.xml:159:13-36
	android:targetActivity
		ADDED from Awake+\app\AndroidManifest.xml:158:13-53
	android:name
		ADDED from Awake+\app\AndroidManifest.xml:157:25-54
activity#com.android.deskclock.HandleDeskClockApiCalls
ADDED from Awake+\app\AndroidManifest.xml:162:9-233:20
	android:theme
		ADDED from Awake+\app\AndroidManifest.xml:163:13-59
	android:permission
		ADDED from Awake+\app\AndroidManifest.xml:166:13-72
	android:excludeFromRecents
		ADDED from Awake+\app\AndroidManifest.xml:164:13-46
	android:taskAffinity
		ADDED from Awake+\app\AndroidManifest.xml:167:13-36
	android:name
		ADDED from Awake+\app\AndroidManifest.xml:162:19-58
	android:launchMode
		ADDED from Awake+\app\AndroidManifest.xml:165:13-44
intent-filter#android.intent.category.DEFAULT+android.intent.category.VOICE+com.android.deskclock.action.SHOW_CLOCK
ADDED from Awake+\app\AndroidManifest.xml:168:13-172:29
action#com.android.deskclock.action.SHOW_CLOCK
ADDED from Awake+\app\AndroidManifest.xml:169:17-82
	android:name
		ADDED from Awake+\app\AndroidManifest.xml:169:25-79
intent-filter#android.intent.category.DEFAULT+android.intent.category.VOICE+com.android.deskclock.action.ADD_CLOCK
ADDED from Awake+\app\AndroidManifest.xml:173:13-177:29
action#com.android.deskclock.action.ADD_CLOCK
ADDED from Awake+\app\AndroidManifest.xml:174:17-81
	android:name
		ADDED from Awake+\app\AndroidManifest.xml:174:25-78
intent-filter#android.intent.category.DEFAULT+android.intent.category.VOICE+com.android.deskclock.action.DELETE_CLOCK
ADDED from Awake+\app\AndroidManifest.xml:178:13-182:29
action#com.android.deskclock.action.DELETE_CLOCK
ADDED from Awake+\app\AndroidManifest.xml:179:17-84
	android:name
		ADDED from Awake+\app\AndroidManifest.xml:179:25-81
intent-filter#android.intent.category.DEFAULT+android.intent.category.VOICE+com.android.deskclock.action.START_TIMER
ADDED from Awake+\app\AndroidManifest.xml:183:13-187:29
action#com.android.deskclock.action.START_TIMER
ADDED from Awake+\app\AndroidManifest.xml:184:17-83
	android:name
		ADDED from Awake+\app\AndroidManifest.xml:184:25-80
intent-filter#android.intent.category.DEFAULT+android.intent.category.VOICE+com.android.deskclock.action.RESET_TIMER
ADDED from Awake+\app\AndroidManifest.xml:188:13-192:29
action#com.android.deskclock.action.RESET_TIMER
ADDED from Awake+\app\AndroidManifest.xml:189:17-83
	android:name
		ADDED from Awake+\app\AndroidManifest.xml:189:25-80
intent-filter#android.intent.category.DEFAULT+android.intent.category.VOICE+com.android.deskclock.action.STOP_TIMER
ADDED from Awake+\app\AndroidManifest.xml:193:13-197:29
action#com.android.deskclock.action.STOP_TIMER
ADDED from Awake+\app\AndroidManifest.xml:194:17-82
	android:name
		ADDED from Awake+\app\AndroidManifest.xml:194:25-79
intent-filter#android.intent.category.DEFAULT+android.intent.category.VOICE+com.android.deskclock.action.SHOW_TIMERS
ADDED from Awake+\app\AndroidManifest.xml:198:13-202:29
action#com.android.deskclock.action.SHOW_TIMERS
ADDED from Awake+\app\AndroidManifest.xml:199:17-83
	android:name
		ADDED from Awake+\app\AndroidManifest.xml:199:25-80
intent-filter#android.intent.category.DEFAULT+android.intent.category.VOICE+com.android.deskclock.action.DELETE_TIMER
ADDED from Awake+\app\AndroidManifest.xml:203:13-207:29
action#com.android.deskclock.action.DELETE_TIMER
ADDED from Awake+\app\AndroidManifest.xml:204:17-84
	android:name
		ADDED from Awake+\app\AndroidManifest.xml:204:25-81
intent-filter#android.intent.category.DEFAULT+android.intent.category.VOICE+com.android.deskclock.action.SHOW_STOPWATCH
ADDED from Awake+\app\AndroidManifest.xml:208:13-212:29
action#com.android.deskclock.action.SHOW_STOPWATCH
ADDED from Awake+\app\AndroidManifest.xml:209:17-86
	android:name
		ADDED from Awake+\app\AndroidManifest.xml:209:25-83
intent-filter#android.intent.category.DEFAULT+android.intent.category.VOICE+com.android.deskclock.action.START_STOPWATCH
ADDED from Awake+\app\AndroidManifest.xml:213:13-217:29
action#com.android.deskclock.action.START_STOPWATCH
ADDED from Awake+\app\AndroidManifest.xml:214:17-87
	android:name
		ADDED from Awake+\app\AndroidManifest.xml:214:25-84
intent-filter#android.intent.category.DEFAULT+android.intent.category.VOICE+com.android.deskclock.action.STOP_STOPWATCH
ADDED from Awake+\app\AndroidManifest.xml:218:13-222:29
action#com.android.deskclock.action.STOP_STOPWATCH
ADDED from Awake+\app\AndroidManifest.xml:219:17-86
	android:name
		ADDED from Awake+\app\AndroidManifest.xml:219:25-83
intent-filter#android.intent.category.DEFAULT+android.intent.category.VOICE+com.android.deskclock.action.LAP_STOPWATCH
ADDED from Awake+\app\AndroidManifest.xml:223:13-227:29
action#com.android.deskclock.action.LAP_STOPWATCH
ADDED from Awake+\app\AndroidManifest.xml:224:17-85
	android:name
		ADDED from Awake+\app\AndroidManifest.xml:224:25-82
intent-filter#android.intent.category.DEFAULT+android.intent.category.VOICE+com.android.deskclock.action.RESET_STOPWATCH
ADDED from Awake+\app\AndroidManifest.xml:228:13-232:29
action#com.android.deskclock.action.RESET_STOPWATCH
ADDED from Awake+\app\AndroidManifest.xml:229:17-87
	android:name
		ADDED from Awake+\app\AndroidManifest.xml:229:25-84
receiver#com.android.deskclock.AlarmInitReceiver
ADDED from Awake+\app\AndroidManifest.xml:235:9-242:20
	android:name
		ADDED from Awake+\app\AndroidManifest.xml:235:19-52
intent-filter#android.intent.action.BOOT_COMPLETED+android.intent.action.LOCALE_CHANGED+android.intent.action.TIMEZONE_CHANGED+android.intent.action.TIME_SET
ADDED from Awake+\app\AndroidManifest.xml:236:13-241:29
action#android.intent.action.BOOT_COMPLETED
ADDED from Awake+\app\AndroidManifest.xml:237:17-79
	android:name
		ADDED from Awake+\app\AndroidManifest.xml:237:25-76
action#android.intent.action.TIME_SET
ADDED from Awake+\app\AndroidManifest.xml:238:17-73
	android:name
		ADDED from Awake+\app\AndroidManifest.xml:238:25-70
action#android.intent.action.TIMEZONE_CHANGED
ADDED from Awake+\app\AndroidManifest.xml:239:17-81
	android:name
		ADDED from Awake+\app\AndroidManifest.xml:239:25-78
action#android.intent.action.LOCALE_CHANGED
ADDED from Awake+\app\AndroidManifest.xml:240:17-79
	android:name
		ADDED from Awake+\app\AndroidManifest.xml:240:25-76
receiver#com.android.alarmclock.AnalogAppWidgetProvider
ADDED from Awake+\app\AndroidManifest.xml:244:9-251:20
	android:label
		ADDED from Awake+\app\AndroidManifest.xml:244:81-118
	android:icon
		ADDED from Awake+\app\AndroidManifest.xml:245:12-57
	android:name
		ADDED from Awake+\app\AndroidManifest.xml:244:19-80
intent-filter#android.appwidget.action.APPWIDGET_UPDATE
ADDED from Awake+\app\AndroidManifest.xml:246:13-248:29
action#android.appwidget.action.APPWIDGET_UPDATE
ADDED from Awake+\app\AndroidManifest.xml:247:17-84
	android:name
		ADDED from Awake+\app\AndroidManifest.xml:247:25-81
meta-data#android.appwidget.oldName
ADDED from Awake+\app\AndroidManifest.xml:249:13-129
	android:name
		ADDED from Awake+\app\AndroidManifest.xml:249:24-64
	android:value
		ADDED from Awake+\app\AndroidManifest.xml:249:65-126
meta-data#android.appwidget.provider
ADDED from Awake+\app\AndroidManifest.xml:250:13-109
	android:resource
		ADDED from Awake+\app\AndroidManifest.xml:250:66-106
	android:name
		ADDED from Awake+\app\AndroidManifest.xml:250:24-65
receiver#com.android.alarmclock.DigitalAppWidgetProvider
ADDED from Awake+\app\AndroidManifest.xml:253:9-267:20
	android:label
		ADDED from Awake+\app\AndroidManifest.xml:253:82-120
	android:icon
		ADDED from Awake+\app\AndroidManifest.xml:254:12-57
	android:name
		ADDED from Awake+\app\AndroidManifest.xml:253:19-81
intent-filter#android.app.action.NEXT_ALARM_CLOCK_CHANGED+android.appwidget.action.APPWIDGET_UPDATE+android.intent.action.DATE_CHANGED+android.intent.action.LOCALE_CHANGED+android.intent.action.SCREEN_ON+android.intent.action.TIMEZONE_CHANGED+android.intent.action.TIME_SET+com.android.deskclock.ON_QUARTER_HOUR+com.android.deskclock.worldclock.update
ADDED from Awake+\app\AndroidManifest.xml:255:13-265:33
action#com.android.deskclock.ON_QUARTER_HOUR
ADDED from Awake+\app\AndroidManifest.xml:257:17-80
	android:name
		ADDED from Awake+\app\AndroidManifest.xml:257:25-77
action#android.intent.action.DATE_CHANGED
ADDED from Awake+\app\AndroidManifest.xml:258:17-77
	android:name
		ADDED from Awake+\app\AndroidManifest.xml:258:25-74
action#android.intent.action.SCREEN_ON
ADDED from Awake+\app\AndroidManifest.xml:260:17-74
	android:name
		ADDED from Awake+\app\AndroidManifest.xml:260:25-71
action#android.app.action.NEXT_ALARM_CLOCK_CHANGED
ADDED from Awake+\app\AndroidManifest.xml:263:17-86
	android:name
		ADDED from Awake+\app\AndroidManifest.xml:263:25-83
action#com.android.deskclock.worldclock.update
ADDED from Awake+\app\AndroidManifest.xml:264:17-82
	android:name
		ADDED from Awake+\app\AndroidManifest.xml:264:25-79
service#com.android.alarmclock.DigitalAppWidgetService
ADDED from Awake+\app\AndroidManifest.xml:269:9-271:41
	android:exported
		ADDED from Awake+\app\AndroidManifest.xml:271:14-38
	android:permission
		ADDED from Awake+\app\AndroidManifest.xml:270:14-70
	android:name
		ADDED from Awake+\app\AndroidManifest.xml:269:18-79
receiver#com.android.alarmclock.DigitalWidgetViewsFactory
ADDED from Awake+\app\AndroidManifest.xml:273:9-274:41
	android:exported
		ADDED from Awake+\app\AndroidManifest.xml:274:14-38
	android:name
		ADDED from Awake+\app\AndroidManifest.xml:273:19-82
service#com.android.deskclock.Screensaver
ADDED from Awake+\app\AndroidManifest.xml:277:9-289:19
	android:label
		ADDED from Awake+\app\AndroidManifest.xml:279:13-46
	android:exported
		ADDED from Awake+\app\AndroidManifest.xml:278:13-36
	android:permission
		ADDED from Awake+\app\AndroidManifest.xml:280:13-71
	android:name
		ADDED from Awake+\app\AndroidManifest.xml:277:18-45
intent-filter#android.app.action.NEXT_ALARM_CLOCK_CHANGED+android.intent.category.DEFAULT+android.service.dreams.DreamService
ADDED from Awake+\app\AndroidManifest.xml:281:13-285:29
action#android.service.dreams.DreamService
ADDED from Awake+\app\AndroidManifest.xml:282:17-78
	android:name
		ADDED from Awake+\app\AndroidManifest.xml:282:25-75
meta-data#android.service.dream
ADDED from Awake+\app\AndroidManifest.xml:286:13-288:54
	android:resource
		ADDED from Awake+\app\AndroidManifest.xml:288:17-51
	android:name
		ADDED from Awake+\app\AndroidManifest.xml:287:17-53
activity#com.android.deskclock.ScreensaverSettingsActivity
ADDED from Awake+\app\AndroidManifest.xml:292:9-302:20
	android:label
		ADDED from Awake+\app\AndroidManifest.xml:293:17-61
	android:theme
		ADDED from Awake+\app\AndroidManifest.xml:294:17-53
	android:exported
		ADDED from Awake+\app\AndroidManifest.xml:297:17-40
	android:excludeFromRecents
		ADDED from Awake+\app\AndroidManifest.xml:296:17-50
	android:taskAffinity
		ADDED from Awake+\app\AndroidManifest.xml:295:17-40
	android:name
		ADDED from Awake+\app\AndroidManifest.xml:292:19-62
activity#com.android.deskclock.AlarmSelectionActivity
ADDED from Awake+\app\AndroidManifest.xml:304:9-307:81
	android:label
		ADDED from Awake+\app\AndroidManifest.xml:306:13-50
	android:theme
		ADDED from Awake+\app\AndroidManifest.xml:307:13-79
	android:name
		ADDED from Awake+\app\AndroidManifest.xml:305:13-51
activity#com.android.deskclock.timer.TimerAlertFullScreen
ADDED from Awake+\app\AndroidManifest.xml:312:9-318:88
	android:configChanges
		ADDED from Awake+\app\AndroidManifest.xml:318:17-86
	android:theme
		ADDED from Awake+\app\AndroidManifest.xml:314:17-65
	android:showOnLockScreen
		ADDED from Awake+\app\AndroidManifest.xml:316:17-48
	android:excludeFromRecents
		ADDED from Awake+\app\AndroidManifest.xml:313:17-50
	android:taskAffinity
		ADDED from Awake+\app\AndroidManifest.xml:317:17-40
	android:name
		ADDED from Awake+\app\AndroidManifest.xml:312:19-61
	android:launchMode
		ADDED from Awake+\app\AndroidManifest.xml:315:17-52
service#com.android.deskclock.TimerRingService
ADDED from Awake+\app\AndroidManifest.xml:320:9-326:19
	android:exported
		ADDED from Awake+\app\AndroidManifest.xml:321:17-41
	android:description
		ADDED from Awake+\app\AndroidManifest.xml:322:17-70
	android:name
		ADDED from Awake+\app\AndroidManifest.xml:320:18-50
intent-filter#com.android.deskclock.TIMER_ALERT
ADDED from Awake+\app\AndroidManifest.xml:323:13-325:29
action#com.android.deskclock.TIMER_ALERT
ADDED from Awake+\app\AndroidManifest.xml:324:17-76
	android:name
		ADDED from Awake+\app\AndroidManifest.xml:324:25-73
receiver#com.android.deskclock.timer.TimerReceiver
ADDED from Awake+\app\AndroidManifest.xml:328:9-345:20
	android:exported
		ADDED from Awake+\app\AndroidManifest.xml:329:17-41
	android:name
		ADDED from Awake+\app\AndroidManifest.xml:328:19-54
intent-filter#delete_timer+notif_in_use_cancel+notif_in_use_show+notif_times_up_cancel+notif_times_up_plus_one+notif_times_up_show+notif_times_up_stop+reset_timer+start_timer+stop_timer+timer_done+timer_update+times_up
ADDED from Awake+\app\AndroidManifest.xml:330:13-344:29
action#start_timer
ADDED from Awake+\app\AndroidManifest.xml:331:17-54
	android:name
		ADDED from Awake+\app\AndroidManifest.xml:331:25-51
action#stop_timer
ADDED from Awake+\app\AndroidManifest.xml:332:17-53
	android:name
		ADDED from Awake+\app\AndroidManifest.xml:332:25-50
action#delete_timer
ADDED from Awake+\app\AndroidManifest.xml:333:17-55
	android:name
		ADDED from Awake+\app\AndroidManifest.xml:333:25-52
action#reset_timer
ADDED from Awake+\app\AndroidManifest.xml:334:17-54
	android:name
		ADDED from Awake+\app\AndroidManifest.xml:334:25-51
action#times_up
ADDED from Awake+\app\AndroidManifest.xml:335:17-51
	android:name
		ADDED from Awake+\app\AndroidManifest.xml:335:25-48
action#timer_done
ADDED from Awake+\app\AndroidManifest.xml:336:17-53
	android:name
		ADDED from Awake+\app\AndroidManifest.xml:336:25-50
action#timer_update
ADDED from Awake+\app\AndroidManifest.xml:337:17-55
	android:name
		ADDED from Awake+\app\AndroidManifest.xml:337:25-52
action#notif_in_use_show
ADDED from Awake+\app\AndroidManifest.xml:338:17-60
	android:name
		ADDED from Awake+\app\AndroidManifest.xml:338:25-57
action#notif_in_use_cancel
ADDED from Awake+\app\AndroidManifest.xml:339:17-62
	android:name
		ADDED from Awake+\app\AndroidManifest.xml:339:25-59
action#notif_times_up_stop
ADDED from Awake+\app\AndroidManifest.xml:340:17-62
	android:name
		ADDED from Awake+\app\AndroidManifest.xml:340:25-59
action#notif_times_up_plus_one
ADDED from Awake+\app\AndroidManifest.xml:341:17-66
	android:name
		ADDED from Awake+\app\AndroidManifest.xml:341:25-63
action#notif_times_up_show
ADDED from Awake+\app\AndroidManifest.xml:342:17-62
	android:name
		ADDED from Awake+\app\AndroidManifest.xml:342:25-59
action#notif_times_up_cancel
ADDED from Awake+\app\AndroidManifest.xml:343:17-64
	android:name
		ADDED from Awake+\app\AndroidManifest.xml:343:25-61
service#com.android.deskclock.stopwatch.StopwatchService
ADDED from Awake+\app\AndroidManifest.xml:347:9-357:19
	android:exported
		ADDED from Awake+\app\AndroidManifest.xml:348:17-41
	android:description
		ADDED from Awake+\app\AndroidManifest.xml:349:17-69
	android:name
		ADDED from Awake+\app\AndroidManifest.xml:347:18-60
intent-filter#lap_stopwatch+reset_stopwatch+share_stopwatch+start_stopwatch+stop_stopwatch
ADDED from Awake+\app\AndroidManifest.xml:350:13-356:29
action#start_stopwatch
ADDED from Awake+\app\AndroidManifest.xml:351:17-58
	android:name
		ADDED from Awake+\app\AndroidManifest.xml:351:25-55
action#lap_stopwatch
ADDED from Awake+\app\AndroidManifest.xml:352:17-56
	android:name
		ADDED from Awake+\app\AndroidManifest.xml:352:25-53
action#stop_stopwatch
ADDED from Awake+\app\AndroidManifest.xml:353:17-57
	android:name
		ADDED from Awake+\app\AndroidManifest.xml:353:25-54
action#reset_stopwatch
ADDED from Awake+\app\AndroidManifest.xml:354:17-58
	android:name
		ADDED from Awake+\app\AndroidManifest.xml:354:25-55
action#share_stopwatch
ADDED from Awake+\app\AndroidManifest.xml:355:17-58
	android:name
		ADDED from Awake+\app\AndroidManifest.xml:355:25-55